<?xml version="1.0" encoding="UTF-8"?>
<testng-results ignored="0" total="1" passed="1" failed="0" skipped="0">
  <reporter-output>
  </reporter-output>
  <suite started-at="2024-05-29T22:14:09 ADT" name="Sample Test Suite" finished-at="2024-05-29T22:14:27 ADT" duration-ms="18903">
    <groups>
    </groups>
    <test started-at="2024-05-29T22:14:09 ADT" name="Test Automation" finished-at="2024-05-29T22:14:27 ADT" duration-ms="18903">
      <class name="test.java.SampleTest">
        <test-method is-config="true" signature="beforeTestMethod()[pri:0, instance:test.java.SampleTest@55b7a4e0]" started-at="2024-05-29T22:14:09 ADT" name="beforeTestMethod" finished-at="2024-05-29T22:14:09 ADT" duration-ms="313" status="PASS">
          <reporter-output>
          </reporter-output>
        </test-method> <!-- beforeTestMethod -->
        <test-method is-config="true" signature="beforeMethodMethod(java.lang.String,java.lang.reflect.Method)[pri:0, instance:test.java.SampleTest@55b7a4e0]" started-at="2024-05-29T22:14:09 ADT" name="beforeMethodMethod" finished-at="2024-05-29T22:14:21 ADT" duration-ms="12273" status="PASS">
          <params>
            <param index="0">
              <value>
                <![CDATA[FIREFOX]]>
              </value>
            </param>
            <param index="1">
              <value>
                <![CDATA[public void test.java.SampleTest.checkingSuccessfulLogin() throws java.lang.InterruptedException]]>
              </value>
            </param>
          </params>
          <reporter-output>
          </reporter-output>
        </test-method> <!-- beforeMethodMethod -->
        <test-method signature="checkingSuccessfulLogin()[pri:0, instance:test.java.SampleTest@55b7a4e0]" started-at="2024-05-29T22:14:21 ADT" name="checkingSuccessfulLogin" description="Check successful entry of email id" finished-at="2024-05-29T22:14:25 ADT" duration-ms="4312" status="PASS">
          <reporter-output>
          </reporter-output>
        </test-method> <!-- checkingSuccessfulLogin -->
        <test-method is-config="true" signature="afterMethodMethod(org.testng.ITestResult)[pri:0, instance:test.java.SampleTest@55b7a4e0]" started-at="2024-05-29T22:14:25 ADT" name="afterMethodMethod" finished-at="2024-05-29T22:14:27 ADT" duration-ms="1532" status="PASS">
          <params>
            <param index="0">
              <value>
                <![CDATA[[TestResult name=checkingSuccessfulLogin status=SUCCESS method=SampleTest.checkingSuccessfulLogin()[pri:0, instance:test.java.SampleTest@55b7a4e0] output={null}]]]>
              </value>
            </param>
          </params>
          <reporter-output>
          </reporter-output>
        </test-method> <!-- afterMethodMethod -->
        <test-method is-config="true" signature="afterTestMethod()[pri:0, instance:test.java.SampleTest@55b7a4e0]" started-at="2024-05-29T22:14:27 ADT" name="afterTestMethod" finished-at="2024-05-29T22:14:27 ADT" duration-ms="405" status="PASS">
          <reporter-output>
          </reporter-output>
        </test-method> <!-- afterTestMethod -->
      </class> <!-- test.java.SampleTest -->
    </test> <!-- Test Automation -->
  </suite> <!-- Sample Test Suite -->
</testng-results>
